<?xml version="1.0" encoding="UTF-8"?>
<testsuite name="org.example.UserDaoTest" tests="1" skipped="0" failures="0" errors="0" timestamp="2024-08-17T12:58:28" hostname="jeongdong-giui-MacBookPro.local" time="0.421">
  <properties/>
  <testcase name="createTest()" classname="org.example.UserDaoTest" time="0.421"/>
  <system-out><![CDATA[21:58:28,785 |-INFO in ch.qos.logback.classic.LoggerContext[default] - Could NOT find resource [logback-test.xml]
21:58:28,785 |-INFO in ch.qos.logback.classic.LoggerContext[default] - Found resource [logback.xml] at [file:/Users/jeongdong-gi/Desktop/jdbc-practice-2b784aff2014b93cafb467e97ef9f7265525b670/jdbc-practice/build/resources/main/logback.xml]
21:58:28,834 |-INFO in ch.qos.logback.classic.joran.action.ConfigurationAction - debug attribute not set
21:58:28,835 |-INFO in ch.qos.logback.core.joran.action.AppenderAction - About to instantiate appender of type [ch.qos.logback.core.ConsoleAppender]
21:58:28,839 |-INFO in ch.qos.logback.core.joran.action.AppenderAction - Naming appender as [STDOUT]
21:58:28,854 |-WARN in ch.qos.logback.core.ConsoleAppender[STDOUT] - This appender no longer admits a layout as a sub-component, set an encoder instead.
21:58:28,854 |-WARN in ch.qos.logback.core.ConsoleAppender[STDOUT] - To ensure compatibility, wrapping your layout in LayoutWrappingEncoder.
21:58:28,854 |-WARN in ch.qos.logback.core.ConsoleAppender[STDOUT] - See also http://logback.qos.ch/codes.html#layoutInsteadOfEncoder for details
21:58:28,855 |-INFO in ch.qos.logback.classic.joran.action.LoggerAction - Setting level of logger [org.example] to DEBUG
21:58:28,855 |-INFO in ch.qos.logback.classic.joran.action.LoggerAction - Setting level of logger [com.zaxxer.hikari] to DEBUG
21:58:28,855 |-INFO in ch.qos.logback.classic.joran.action.LoggerAction - Setting level of logger [org.springframework.jdbc.datasource] to DEBUG
21:58:28,855 |-INFO in ch.qos.logback.classic.joran.action.RootLoggerAction - Setting level of ROOT logger to DEBUG
21:58:28,855 |-INFO in ch.qos.logback.core.joran.action.AppenderRefAction - Attaching appender named [STDOUT] to Logger[ROOT]
21:58:28,855 |-INFO in ch.qos.logback.classic.joran.action.ConfigurationAction - End of configuration.
21:58:28,855 |-INFO in ch.qos.logback.classic.joran.JoranConfigurator@7fc6de5b - Registering current configuration as safe fallback point

21:58:28.873 [DEBUG] [Test worker] [com.zaxxer.hikari.HikariConfig] - Driver class org.h2.Driver found in Thread context class loader jdk.internal.loader.ClassLoaders$AppClassLoader@277050dc
21:58:28.880 [DEBUG] [Test worker] [o.s.jdbc.datasource.DataSourceUtils] - Fetching JDBC Connection from DataSource
21:58:28.881 [DEBUG] [Test worker] [com.zaxxer.hikari.HikariConfig] - HikariPool-1 - configuration:
21:58:28.896 [DEBUG] [Test worker] [com.zaxxer.hikari.HikariConfig] - allowPoolSuspension.............false
21:58:28.896 [DEBUG] [Test worker] [com.zaxxer.hikari.HikariConfig] - autoCommit......................true
21:58:28.896 [DEBUG] [Test worker] [com.zaxxer.hikari.HikariConfig] - catalog.........................none
21:58:28.896 [DEBUG] [Test worker] [com.zaxxer.hikari.HikariConfig] - connectionInitSql...............none
21:58:28.896 [DEBUG] [Test worker] [com.zaxxer.hikari.HikariConfig] - connectionTestQuery.............none
21:58:28.897 [DEBUG] [Test worker] [com.zaxxer.hikari.HikariConfig] - connectionTimeout...............30000
21:58:28.897 [DEBUG] [Test worker] [com.zaxxer.hikari.HikariConfig] - dataSource......................none
21:58:28.897 [DEBUG] [Test worker] [com.zaxxer.hikari.HikariConfig] - dataSourceClassName.............none
21:58:28.897 [DEBUG] [Test worker] [com.zaxxer.hikari.HikariConfig] - dataSourceJNDI..................none
21:58:28.898 [DEBUG] [Test worker] [com.zaxxer.hikari.HikariConfig] - dataSourceProperties............{password=<masked>}
21:58:28.901 [DEBUG] [Test worker] [com.zaxxer.hikari.HikariConfig] - driverClassName................."org.h2.Driver"
21:58:28.901 [DEBUG] [Test worker] [com.zaxxer.hikari.HikariConfig] - exceptionOverrideClassName......none
21:58:28.901 [DEBUG] [Test worker] [com.zaxxer.hikari.HikariConfig] - healthCheckProperties...........{}
21:58:28.901 [DEBUG] [Test worker] [com.zaxxer.hikari.HikariConfig] - healthCheckRegistry.............none
21:58:28.902 [DEBUG] [Test worker] [com.zaxxer.hikari.HikariConfig] - idleTimeout.....................600000
21:58:28.902 [DEBUG] [Test worker] [com.zaxxer.hikari.HikariConfig] - initializationFailTimeout.......1
21:58:28.902 [DEBUG] [Test worker] [com.zaxxer.hikari.HikariConfig] - isolateInternalQueries..........false
21:58:28.902 [DEBUG] [Test worker] [com.zaxxer.hikari.HikariConfig] - jdbcUrl.........................jdbc:h2:mem://localhost/~/jdbc-practice;MODE=MySQL;DB_CLOSE_DELAY=-1
21:58:28.903 [DEBUG] [Test worker] [com.zaxxer.hikari.HikariConfig] - keepaliveTime...................0
21:58:28.903 [DEBUG] [Test worker] [com.zaxxer.hikari.HikariConfig] - leakDetectionThreshold..........0
21:58:28.903 [DEBUG] [Test worker] [com.zaxxer.hikari.HikariConfig] - maxLifetime.....................1800000
21:58:28.903 [DEBUG] [Test worker] [com.zaxxer.hikari.HikariConfig] - maximumPoolSize.................40
21:58:28.903 [DEBUG] [Test worker] [com.zaxxer.hikari.HikariConfig] - metricRegistry..................none
21:58:28.903 [DEBUG] [Test worker] [com.zaxxer.hikari.HikariConfig] - metricsTrackerFactory...........none
21:58:28.904 [DEBUG] [Test worker] [com.zaxxer.hikari.HikariConfig] - minimumIdle.....................40
21:58:28.904 [DEBUG] [Test worker] [com.zaxxer.hikari.HikariConfig] - password........................<masked>
21:58:28.904 [DEBUG] [Test worker] [com.zaxxer.hikari.HikariConfig] - poolName........................"HikariPool-1"
21:58:28.904 [DEBUG] [Test worker] [com.zaxxer.hikari.HikariConfig] - readOnly........................false
21:58:28.905 [DEBUG] [Test worker] [com.zaxxer.hikari.HikariConfig] - registerMbeans..................false
21:58:28.905 [DEBUG] [Test worker] [com.zaxxer.hikari.HikariConfig] - scheduledExecutor...............none
21:58:28.905 [DEBUG] [Test worker] [com.zaxxer.hikari.HikariConfig] - schema..........................none
21:58:28.905 [DEBUG] [Test worker] [com.zaxxer.hikari.HikariConfig] - threadFactory...................internal
21:58:28.905 [DEBUG] [Test worker] [com.zaxxer.hikari.HikariConfig] - transactionIsolation............default
21:58:28.906 [DEBUG] [Test worker] [com.zaxxer.hikari.HikariConfig] - username........................"sa"
21:58:28.906 [DEBUG] [Test worker] [com.zaxxer.hikari.HikariConfig] - validationTimeout...............5000
21:58:28.906 [INFO ] [Test worker] [com.zaxxer.hikari.HikariDataSource] - HikariPool-1 - Starting...
21:58:29.087 [INFO ] [Test worker] [com.zaxxer.hikari.pool.HikariPool] - HikariPool-1 - Added connection conn0: url=jdbc:h2:mem://localhost/~/jdbc-practice user=SA
21:58:29.089 [INFO ] [Test worker] [com.zaxxer.hikari.HikariDataSource] - HikariPool-1 - Start completed.
21:58:29.092 [DEBUG] [Test worker] [o.s.jdbc.datasource.init.ScriptUtils] - Executing SQL script from class path resource [db_schema.sql]
21:58:29.097 [DEBUG] [Test worker] [o.s.jdbc.datasource.init.ScriptUtils] - 0 returned as update count for SQL: DROP TABLE IF EXISTS USERS
21:58:29.104 [DEBUG] [Test worker] [o.s.jdbc.datasource.init.ScriptUtils] - 0 returned as update count for SQL: CREATE TABLE USERS ( userId varchar(12) NOT NULL, password varchar(12) NOT NULL, name varchar(20) NOT NULL, email varchar(50), PRIMARY KEY (userId) )
21:58:29.104 [DEBUG] [Test worker] [o.s.jdbc.datasource.init.ScriptUtils] - Executed SQL script from class path resource [db_schema.sql] in 12 ms.
]]></system-out>
  <system-err><![CDATA[]]></system-err>
</testsuite>
